<?xml version="1.0" encoding="UTF-8"?>
<testsuite name="cucumber.steps.CucumberRunner" tests="0" skipped="0" failures="0" errors="0" timestamp="1970-01-01T00:00:00" hostname="admins-MacBook-Pro.local" time="0.0">
  <properties/>
  <system-out><![CDATA[Feature: Google Search for "automation"

  Scenario Outline: Verify title in content of first link ?[90m# googleSearch.feature:3?[0m
    ?[36mGiven ?[0m?[36mopen Google Search Page?[0m
    ?[36mWhen ?[0m?[36muser search for "<searchData>"?[0m
    ?[36mAnd ?[0m?[36mopen first link from search results?[0m
    ?[36mThen ?[0m?[36mtitle on page contains "<searchData>"?[0m

    Examples: 
11:15:19.189 [Test worker] INFO cucumber.steps.GoogleSearchTest - Searching for entered word and click on search button
11:15:20.665 [Test worker] INFO cucumber.steps.GoogleSearchTest - Click on First link into list
11:15:22.141 [Test worker] INFO cucumber.steps.GoogleSearchTest - Title verification

  Scenario Outline: Verify title in content of first link ?[90m# googleSearch.feature:11?[0m
    ?[32mGiven ?[0m?[32mopen Google Search Page?[0m                         ?[90m# GoogleSearchTest.openGoogleSearchPage()?[0m
    ?[32mWhen ?[0m?[32muser search for "?[0m?[32m?[1mAutomation?[0m?[32m"?[0m                     ?[90m# GoogleSearchTest.userSearchFor(String)?[0m
    ?[32mAnd ?[0m?[32mopen first link from search results?[0m               ?[90m# GoogleSearchTest.openFirstLinkFromSearchResults()?[0m
    ?[32mThen ?[0m?[32mtitle on page contains "?[0m?[32m?[1mAutomation?[0m?[32m"?[0m              ?[90m# GoogleSearchTest.titleOnPageContains(String)?[0m

  Scenario Outline: Verify expected domain on search result page                             ?[90m# googleSearch.feature:14?[0m
    ?[36mGiven ?[0m?[36mopen Google Search Page?[0m
    ?[36mWhen ?[0m?[36muser search for "<searchData>"?[0m
    ?[36mThen ?[0m?[36mdomain "<domainName>" is present on first "<pageCountToCheck>" search results pages?[0m

    Examples: 
11:15:23.367 [Test worker] INFO cucumber.steps.GoogleSearchTest - Searching for entered word and click on search button
11:15:24.751 [Test worker] INFO cucumber.steps.GoogleSearchTest - Domain verification
On 1 page 1  link found
On 2 page 0  link found
On 3 page 0  link found
On 4 page 0  link found
On 5 page 0  link found

  Scenario Outline: Verify expected domain on search result page                                        ?[90m# googleSearch.feature:21?[0m
    ?[32mGiven ?[0m?[32mopen Google Search Page?[0m                                                                       ?[90m# GoogleSearchTest.openGoogleSearchPage()?[0m
    ?[32mWhen ?[0m?[32muser search for "?[0m?[32m?[1mAutomation?[0m?[32m"?[0m                                                                   ?[90m# GoogleSearchTest.userSearchFor(String)?[0m
    ?[32mThen ?[0m?[32mdomain "?[0m?[32m?[1mhttps://en.wikipedia.org/wiki/Automation?[0m?[32m" is present on first "?[0m?[32m?[1m5?[0m?[32m" search results pages?[0m ?[90m# GoogleSearchTest.domainIsPresentOnFirstSearchResultsPages(String,Integer)?[0m

2 Scenarios (?[32m2 passed?[0m)
7 Steps (?[32m7 passed?[0m)
0m17.274s

]]></system-out>
  <system-err><![CDATA[]]></system-err>
</testsuite>
