<?xml version="1.0" encoding="UTF-8"?>
<testsuite name="| Automation | https://en.wikipedia.org/wiki/Automation | 5 |" tests="4" skipped="0" failures="0" errors="0" timestamp="2018-11-20T09:15:23" hostname="admins-MacBook-Pro.local" time="7.237">
  <properties/>
  <testcase name="Given open Google Search Page" classname="| Automation | https://en.wikipedia.org/wiki/Automation | 5 |" time="0.0"/>
  <testcase name="When user search for &quot;Automation&quot;" classname="| Automation | https://en.wikipedia.org/wiki/Automation | 5 |" time="0.0"/>
  <testcase name="Then domain &quot;https://en.wikipedia.org/wiki/Automation&quot; is present on first &quot;5&quot; search results pages" classname="| Automation | https://en.wikipedia.org/wiki/Automation | 5 |" time="0.0"/>
  <testcase name="classMethod" classname="| Automation | https://en.wikipedia.org/wiki/Automation | 5 |" time="7.91"/>
  <system-out><![CDATA[11:15:22.695 [Test worker] INFO cucumber.steps.GoogleSearchTest - Navigation to main page
]]></system-out>
  <system-err><![CDATA[]]></system-err>
</testsuite>
